  4.9.Our_House_V_0.5_main.cpp
c:\users\r912\desktop\4.9.our_house_v_0.5\4.9.our_house_v_0.5\4.9.our_house_v_0.5\object_definitions.h(56): warning C4996: 'fopen': This function or variable may be unsafe. Consider using fopen_s instead. To disable deprecation, use _CRT_SECURE_NO_WARNINGS. See online help for details.
  c:\program files (x86)\windows kits\10\include\10.0.15063.0\ucrt\stdio.h(207): note: 'fopen' 선언을 참조하십시오.
c:\users\r912\desktop\4.9.our_house_v_0.5\4.9.our_house_v_0.5\4.9.our_house_v_0.5\object_definitions.h(81): warning C4101: 'i' :참조되지 않은 지역 변수입니다.
c:\users\r912\desktop\4.9.our_house_v_0.5\4.9.our_house_v_0.5\4.9.our_house_v_0.5\object_definitions.h(314): warning C4305: '=': 'double'에서 'float'(으)로 잘립니다.
c:\users\r912\desktop\4.9.our_house_v_0.5\4.9.our_house_v_0.5\4.9.our_house_v_0.5\object_definitions.h(617): warning C4305: '=': 'double'에서 'float'(으)로 잘립니다.
c:\users\r912\desktop\4.9.our_house_v_0.5\4.9.our_house_v_0.5\4.9.our_house_v_0.5\object_definitions.h(125): warning C4996: 'strcpy': This function or variable may be unsafe. Consider using strcpy_s instead. To disable deprecation, use _CRT_SECURE_NO_WARNINGS. See online help for details.
  c:\program files (x86)\windows kits\10\include\10.0.15063.0\ucrt\string.h(136): note: 'strcpy' 선언을 참조하십시오.
c:\users\r912\desktop\4.9.our_house_v_0.5\4.9.our_house_v_0.5\4.9.our_house_v_0.5\object_definitions.h(160): warning C4996: 'strcpy': This function or variable may be unsafe. Consider using strcpy_s instead. To disable deprecation, use _CRT_SECURE_NO_WARNINGS. See online help for details.
  c:\program files (x86)\windows kits\10\include\10.0.15063.0\ucrt\string.h(136): note: 'strcpy' 선언을 참조하십시오.
c:\users\r912\desktop\4.9.our_house_v_0.5\4.9.our_house_v_0.5\4.9.our_house_v_0.5\object_definitions.h(212): warning C4996: 'strcpy': This function or variable may be unsafe. Consider using strcpy_s instead. To disable deprecation, use _CRT_SECURE_NO_WARNINGS. See online help for details.
  c:\program files (x86)\windows kits\10\include\10.0.15063.0\ucrt\string.h(136): note: 'strcpy' 선언을 참조하십시오.
c:\users\r912\desktop\4.9.our_house_v_0.5\4.9.our_house_v_0.5\4.9.our_house_v_0.5\object_definitions.h(293): warning C4996: 'strcpy': This function or variable may be unsafe. Consider using strcpy_s instead. To disable deprecation, use _CRT_SECURE_NO_WARNINGS. See online help for details.
  c:\program files (x86)\windows kits\10\include\10.0.15063.0\ucrt\string.h(136): note: 'strcpy' 선언을 참조하십시오.
c:\users\r912\desktop\4.9.our_house_v_0.5\4.9.our_house_v_0.5\4.9.our_house_v_0.5\object_definitions.h(329): warning C4996: 'strcpy': This function or variable may be unsafe. Consider using strcpy_s instead. To disable deprecation, use _CRT_SECURE_NO_WARNINGS. See online help for details.
  c:\program files (x86)\windows kits\10\include\10.0.15063.0\ucrt\string.h(136): note: 'strcpy' 선언을 참조하십시오.
c:\users\r912\desktop\4.9.our_house_v_0.5\4.9.our_house_v_0.5\4.9.our_house_v_0.5\object_definitions.h(367): warning C4996: 'strcpy': This function or variable may be unsafe. Consider using strcpy_s instead. To disable deprecation, use _CRT_SECURE_NO_WARNINGS. See online help for details.
  c:\program files (x86)\windows kits\10\include\10.0.15063.0\ucrt\string.h(136): note: 'strcpy' 선언을 참조하십시오.
c:\users\r912\desktop\4.9.our_house_v_0.5\4.9.our_house_v_0.5\4.9.our_house_v_0.5\object_definitions.h(440): warning C4996: 'strcpy': This function or variable may be unsafe. Consider using strcpy_s instead. To disable deprecation, use _CRT_SECURE_NO_WARNINGS. See online help for details.
  c:\program files (x86)\windows kits\10\include\10.0.15063.0\ucrt\string.h(136): note: 'strcpy' 선언을 참조하십시오.
c:\users\r912\desktop\4.9.our_house_v_0.5\4.9.our_house_v_0.5\4.9.our_house_v_0.5\object_definitions.h(479): warning C4996: 'strcpy': This function or variable may be unsafe. Consider using strcpy_s instead. To disable deprecation, use _CRT_SECURE_NO_WARNINGS. See online help for details.
  c:\program files (x86)\windows kits\10\include\10.0.15063.0\ucrt\string.h(136): note: 'strcpy' 선언을 참조하십시오.
c:\users\r912\desktop\4.9.our_house_v_0.5\4.9.our_house_v_0.5\4.9.our_house_v_0.5\object_definitions.h(519): warning C4996: 'strcpy': This function or variable may be unsafe. Consider using strcpy_s instead. To disable deprecation, use _CRT_SECURE_NO_WARNINGS. See online help for details.
  c:\program files (x86)\windows kits\10\include\10.0.15063.0\ucrt\string.h(136): note: 'strcpy' 선언을 참조하십시오.
c:\users\r912\desktop\4.9.our_house_v_0.5\4.9.our_house_v_0.5\4.9.our_house_v_0.5\object_definitions.h(561): warning C4996: 'strcpy': This function or variable may be unsafe. Consider using strcpy_s instead. To disable deprecation, use _CRT_SECURE_NO_WARNINGS. See online help for details.
  c:\program files (x86)\windows kits\10\include\10.0.15063.0\ucrt\string.h(136): note: 'strcpy' 선언을 참조하십시오.
c:\users\r912\desktop\4.9.our_house_v_0.5\4.9.our_house_v_0.5\4.9.our_house_v_0.5\object_definitions.h(601): warning C4996: 'strcpy': This function or variable may be unsafe. Consider using strcpy_s instead. To disable deprecation, use _CRT_SECURE_NO_WARNINGS. See online help for details.
  c:\program files (x86)\windows kits\10\include\10.0.15063.0\ucrt\string.h(136): note: 'strcpy' 선언을 참조하십시오.
c:\users\r912\desktop\4.9.our_house_v_0.5\4.9.our_house_v_0.5\4.9.our_house_v_0.5\object_definitions.h(641): warning C4996: 'strcpy': This function or variable may be unsafe. Consider using strcpy_s instead. To disable deprecation, use _CRT_SECURE_NO_WARNINGS. See online help for details.
  c:\program files (x86)\windows kits\10\include\10.0.15063.0\ucrt\string.h(136): note: 'strcpy' 선언을 참조하십시오.
c:\users\r912\desktop\4.9.our_house_v_0.5\4.9.our_house_v_0.5\4.9.our_house_v_0.5\object_definitions.h(681): warning C4996: 'strcpy': This function or variable may be unsafe. Consider using strcpy_s instead. To disable deprecation, use _CRT_SECURE_NO_WARNINGS. See online help for details.
  c:\program files (x86)\windows kits\10\include\10.0.15063.0\ucrt\string.h(136): note: 'strcpy' 선언을 참조하십시오.
c:\users\r912\desktop\4.9.our_house_v_0.5\4.9.our_house_v_0.5\4.9.our_house_v_0.5\object_definitions.h(825): warning C4838: 'double'에서 'GLfloat'(으)로의 변환에는 축소 변환이 필요합니다.
c:\users\r912\desktop\4.9.our_house_v_0.5\4.9.our_house_v_0.5\4.9.our_house_v_0.5\object_definitions.h(825): warning C4305: '초기화 중': 'double'에서 'GLfloat'(으)로 잘립니다.
c:\users\r912\desktop\4.9.our_house_v_0.5\4.9.our_house_v_0.5\4.9.our_house_v_0.5\object_definitions.h(905): warning C4996: 'fopen': This function or variable may be unsafe. Consider using fopen_s instead. To disable deprecation, use _CRT_SECURE_NO_WARNINGS. See online help for details.
  c:\program files (x86)\windows kits\10\include\10.0.15063.0\ucrt\stdio.h(207): note: 'fopen' 선언을 참조하십시오.
c:\users\r912\desktop\4.9.our_house_v_0.5\4.9.our_house_v_0.5\4.9.our_house_v_0.5\object_definitions.h(911): warning C4996: 'fscanf': This function or variable may be unsafe. Consider using fscanf_s instead. To disable deprecation, use _CRT_SECURE_NO_WARNINGS. See online help for details.
  c:\program files (x86)\windows kits\10\include\10.0.15063.0\ucrt\stdio.h(1195): note: 'fscanf' 선언을 참조하십시오.
c:\users\r912\desktop\4.9.our_house_v_0.5\4.9.our_house_v_0.5\4.9.our_house_v_0.5\object_definitions.h(924): warning C4996: 'fscanf': This function or variable may be unsafe. Consider using fscanf_s instead. To disable deprecation, use _CRT_SECURE_NO_WARNINGS. See online help for details.
  c:\program files (x86)\windows kits\10\include\10.0.15063.0\ucrt\stdio.h(1195): note: 'fscanf' 선언을 참조하십시오.
c:\users\r912\desktop\4.9.our_house_v_0.5\4.9.our_house_v_0.5\4.9.our_house_v_0.5\object_definitions.h(973): warning C4996: 'sprintf': This function or variable may be unsafe. Consider using sprintf_s instead. To disable deprecation, use _CRT_SECURE_NO_WARNINGS. See online help for details.
  c:\program files (x86)\windows kits\10\include\10.0.15063.0\ucrt\stdio.h(1772): note: 'sprintf' 선언을 참조하십시오.
c:\users\r912\desktop\4.9.our_house_v_0.5\4.9.our_house_v_0.5\4.9.our_house_v_0.5\object_definitions.h(1148): warning C4996: 'fopen': This function or variable may be unsafe. Consider using fopen_s instead. To disable deprecation, use _CRT_SECURE_NO_WARNINGS. See online help for details.
  c:\program files (x86)\windows kits\10\include\10.0.15063.0\ucrt\stdio.h(207): note: 'fopen' 선언을 참조하십시오.
c:\users\r912\desktop\4.9.our_house_v_0.5\4.9.our_house_v_0.5\4.9.our_house_v_0.5\object_definitions.h(1154): warning C4996: 'fscanf': This function or variable may be unsafe. Consider using fscanf_s instead. To disable deprecation, use _CRT_SECURE_NO_WARNINGS. See online help for details.
  c:\program files (x86)\windows kits\10\include\10.0.15063.0\ucrt\stdio.h(1195): note: 'fscanf' 선언을 참조하십시오.
c:\users\r912\desktop\4.9.our_house_v_0.5\4.9.our_house_v_0.5\4.9.our_house_v_0.5\object_definitions.h(1163): warning C4996: 'fscanf': This function or variable may be unsafe. Consider using fscanf_s instead. To disable deprecation, use _CRT_SECURE_NO_WARNINGS. See online help for details.
  c:\program files (x86)\windows kits\10\include\10.0.15063.0\ucrt\stdio.h(1195): note: 'fscanf' 선언을 참조하십시오.
c:\users\r912\desktop\4.9.our_house_v_0.5\4.9.our_house_v_0.5\4.9.our_house_v_0.5\4.9.our_house_v_0.5_main.cpp(792): warning C4244: '인수': 'GLfloat'에서 'GLint'(으)로 변환하면서 데이터가 손실될 수 있습니다.
c:\users\r912\desktop\4.9.our_house_v_0.5\4.9.our_house_v_0.5\4.9.our_house_v_0.5\4.9.our_house_v_0.5_main.cpp(811): warning C4244: '인수': 'GLfloat'에서 'GLint'(으)로 변환하면서 데이터가 손실될 수 있습니다.
c:\users\r912\desktop\4.9.our_house_v_0.5\4.9.our_house_v_0.5\4.9.our_house_v_0.5\4.9.our_house_v_0.5_main.cpp(829): warning C4244: '인수': 'GLfloat'에서 'GLint'(으)로 변환하면서 데이터가 손실될 수 있습니다.
c:\users\r912\desktop\4.9.our_house_v_0.5\4.9.our_house_v_0.5\4.9.our_house_v_0.5\4.9.our_house_v_0.5_main.cpp(836): warning C4244: '인수': 'GLfloat'에서 'GLint'(으)로 변환하면서 데이터가 손실될 수 있습니다.
c:\users\r912\desktop\4.9.our_house_v_0.5\4.9.our_house_v_0.5\4.9.our_house_v_0.5\4.9.our_house_v_0.5_main.cpp(845): warning C4244: '인수': 'GLfloat'에서 'GLint'(으)로 변환하면서 데이터가 손실될 수 있습니다.
c:\users\r912\desktop\4.9.our_house_v_0.5\4.9.our_house_v_0.5\4.9.our_house_v_0.5\4.9.our_house_v_0.5_main.cpp(852): warning C4244: '인수': 'GLfloat'에서 'GLint'(으)로 변환하면서 데이터가 손실될 수 있습니다.
c:\users\r912\desktop\4.9.our_house_v_0.5\4.9.our_house_v_0.5\4.9.our_house_v_0.5\4.9.our_house_v_0.5_main.cpp(1085): warning C4244: '=': 'GLint'에서 'GLfloat'(으)로 변환하면서 데이터가 손실될 수 있습니다.
c:\users\r912\desktop\4.9.our_house_v_0.5\4.9.our_house_v_0.5\4.9.our_house_v_0.5\4.9.our_house_v_0.5_main.cpp(1086): warning C4244: '=': 'GLint'에서 'GLfloat'(으)로 변환하면서 데이터가 손실될 수 있습니다.
c:\users\r912\desktop\4.9.our_house_v_0.5\4.9.our_house_v_0.5\4.9.our_house_v_0.5\4.9.our_house_v_0.5_main.cpp(1091): warning C4244: '=': 'GLint'에서 'GLfloat'(으)로 변환하면서 데이터가 손실될 수 있습니다.
c:\users\r912\desktop\4.9.our_house_v_0.5\4.9.our_house_v_0.5\4.9.our_house_v_0.5\4.9.our_house_v_0.5_main.cpp(1056): warning C4996: 'sprintf': This function or variable may be unsafe. Consider using sprintf_s instead. To disable deprecation, use _CRT_SECURE_NO_WARNINGS. See online help for details.
  c:\program files (x86)\windows kits\10\include\10.0.15063.0\ucrt\stdio.h(1772): note: 'sprintf' 선언을 참조하십시오.
c:\users\r912\desktop\4.9.our_house_v_0.5\4.9.our_house_v_0.5\4.9.our_house_v_0.5\4.9.our_house_v_0.5_main.cpp(1058): warning C4996: 'sprintf': This function or variable may be unsafe. Consider using sprintf_s instead. To disable deprecation, use _CRT_SECURE_NO_WARNINGS. See online help for details.
  c:\program files (x86)\windows kits\10\include\10.0.15063.0\ucrt\stdio.h(1772): note: 'sprintf' 선언을 참조하십시오.
c:\users\r912\desktop\4.9.our_house_v_0.5\4.9.our_house_v_0.5\4.9.our_house_v_0.5\4.9.our_house_v_0.5_main.cpp(1060): warning C4996: 'sprintf': This function or variable may be unsafe. Consider using sprintf_s instead. To disable deprecation, use _CRT_SECURE_NO_WARNINGS. See online help for details.
  c:\program files (x86)\windows kits\10\include\10.0.15063.0\ucrt\stdio.h(1772): note: 'sprintf' 선언을 참조하십시오.
c:\users\r912\desktop\4.9.our_house_v_0.5\4.9.our_house_v_0.5\4.9.our_house_v_0.5\4.9.our_house_v_0.5_main.cpp(1062): warning C4996: 'sprintf': This function or variable may be unsafe. Consider using sprintf_s instead. To disable deprecation, use _CRT_SECURE_NO_WARNINGS. See online help for details.
  c:\program files (x86)\windows kits\10\include\10.0.15063.0\ucrt\stdio.h(1772): note: 'sprintf' 선언을 참조하십시오.
c:\users\r912\desktop\4.9.our_house_v_0.5\4.9.our_house_v_0.5\4.9.our_house_v_0.5\4.9.our_house_v_0.5_main.cpp(1064): warning C4996: 'sprintf': This function or variable may be unsafe. Consider using sprintf_s instead. To disable deprecation, use _CRT_SECURE_NO_WARNINGS. See online help for details.
  c:\program files (x86)\windows kits\10\include\10.0.15063.0\ucrt\stdio.h(1772): note: 'sprintf' 선언을 참조하십시오.
c:\users\r912\desktop\4.9.our_house_v_0.5\4.9.our_house_v_0.5\4.9.our_house_v_0.5\4.9.our_house_v_0.5_main.cpp(1066): warning C4996: 'sprintf': This function or variable may be unsafe. Consider using sprintf_s instead. To disable deprecation, use _CRT_SECURE_NO_WARNINGS. See online help for details.
  c:\program files (x86)\windows kits\10\include\10.0.15063.0\ucrt\stdio.h(1772): note: 'sprintf' 선언을 참조하십시오.
c:\users\r912\desktop\4.9.our_house_v_0.5\4.9.our_house_v_0.5\4.9.our_house_v_0.5\4.9.our_house_v_0.5_main.cpp(1068): warning C4996: 'sprintf': This function or variable may be unsafe. Consider using sprintf_s instead. To disable deprecation, use _CRT_SECURE_NO_WARNINGS. See online help for details.
  c:\program files (x86)\windows kits\10\include\10.0.15063.0\ucrt\stdio.h(1772): note: 'sprintf' 선언을 참조하십시오.
c:\users\r912\desktop\4.9.our_house_v_0.5\4.9.our_house_v_0.5\4.9.our_house_v_0.5\4.9.our_house_v_0.5_main.cpp(1070): warning C4996: 'sprintf': This function or variable may be unsafe. Consider using sprintf_s instead. To disable deprecation, use _CRT_SECURE_NO_WARNINGS. See online help for details.
  c:\program files (x86)\windows kits\10\include\10.0.15063.0\ucrt\stdio.h(1772): note: 'sprintf' 선언을 참조하십시오.
c:\users\r912\desktop\4.9.our_house_v_0.5\4.9.our_house_v_0.5\4.9.our_house_v_0.5\4.9.our_house_v_0.5_main.cpp(1072): warning C4996: 'sprintf': This function or variable may be unsafe. Consider using sprintf_s instead. To disable deprecation, use _CRT_SECURE_NO_WARNINGS. See online help for details.
  c:\program files (x86)\windows kits\10\include\10.0.15063.0\ucrt\stdio.h(1772): note: 'sprintf' 선언을 참조하십시오.
c:\users\r912\desktop\4.9.our_house_v_0.5\4.9.our_house_v_0.5\4.9.our_house_v_0.5\4.9.our_house_v_0.5_main.cpp(1104): warning C4996: 'sprintf': This function or variable may be unsafe. Consider using sprintf_s instead. To disable deprecation, use _CRT_SECURE_NO_WARNINGS. See online help for details.
  c:\program files (x86)\windows kits\10\include\10.0.15063.0\ucrt\stdio.h(1772): note: 'sprintf' 선언을 참조하십시오.
c:\users\r912\desktop\4.9.our_house_v_0.5\4.9.our_house_v_0.5\4.9.our_house_v_0.5\4.9.our_house_v_0.5_main.cpp(1106): warning C4996: 'sprintf': This function or variable may be unsafe. Consider using sprintf_s instead. To disable deprecation, use _CRT_SECURE_NO_WARNINGS. See online help for details.
  c:\program files (x86)\windows kits\10\include\10.0.15063.0\ucrt\stdio.h(1772): note: 'sprintf' 선언을 참조하십시오.
c:\users\r912\desktop\4.9.our_house_v_0.5\4.9.our_house_v_0.5\4.9.our_house_v_0.5\4.9.our_house_v_0.5_main.cpp(1108): warning C4996: 'sprintf': This function or variable may be unsafe. Consider using sprintf_s instead. To disable deprecation, use _CRT_SECURE_NO_WARNINGS. See online help for details.
  c:\program files (x86)\windows kits\10\include\10.0.15063.0\ucrt\stdio.h(1772): note: 'sprintf' 선언을 참조하십시오.
c:\users\r912\desktop\4.9.our_house_v_0.5\4.9.our_house_v_0.5\4.9.our_house_v_0.5\4.9.our_house_v_0.5_main.cpp(1110): warning C4996: 'sprintf': This function or variable may be unsafe. Consider using sprintf_s instead. To disable deprecation, use _CRT_SECURE_NO_WARNINGS. See online help for details.
  c:\program files (x86)\windows kits\10\include\10.0.15063.0\ucrt\stdio.h(1772): note: 'sprintf' 선언을 참조하십시오.
c:\users\r912\desktop\4.9.our_house_v_0.5\4.9.our_house_v_0.5\4.9.our_house_v_0.5\4.9.our_house_v_0.5_main.cpp(1112): warning C4996: 'sprintf': This function or variable may be unsafe. Consider using sprintf_s instead. To disable deprecation, use _CRT_SECURE_NO_WARNINGS. See online help for details.
  c:\program files (x86)\windows kits\10\include\10.0.15063.0\ucrt\stdio.h(1772): note: 'sprintf' 선언을 참조하십시오.
c:\users\r912\desktop\4.9.our_house_v_0.5\4.9.our_house_v_0.5\4.9.our_house_v_0.5\4.9.our_house_v_0.5_main.cpp(1114): warning C4996: 'sprintf': This function or variable may be unsafe. Consider using sprintf_s instead. To disable deprecation, use _CRT_SECURE_NO_WARNINGS. See online help for details.
  c:\program files (x86)\windows kits\10\include\10.0.15063.0\ucrt\stdio.h(1772): note: 'sprintf' 선언을 참조하십시오.
c:\users\r912\desktop\4.9.our_house_v_0.5\4.9.our_house_v_0.5\4.9.our_house_v_0.5\4.9.our_house_v_0.5_main.cpp(1116): warning C4996: 'sprintf': This function or variable may be unsafe. Consider using sprintf_s instead. To disable deprecation, use _CRT_SECURE_NO_WARNINGS. See online help for details.
  c:\program files (x86)\windows kits\10\include\10.0.15063.0\ucrt\stdio.h(1772): note: 'sprintf' 선언을 참조하십시오.
c:\users\r912\desktop\4.9.our_house_v_0.5\4.9.our_house_v_0.5\4.9.our_house_v_0.5\4.9.our_house_v_0.5_main.cpp(1118): warning C4996: 'sprintf': This function or variable may be unsafe. Consider using sprintf_s instead. To disable deprecation, use _CRT_SECURE_NO_WARNINGS. See online help for details.
  c:\program files (x86)\windows kits\10\include\10.0.15063.0\ucrt\stdio.h(1772): note: 'sprintf' 선언을 참조하십시오.
c:\users\r912\desktop\4.9.our_house_v_0.5\4.9.our_house_v_0.5\4.9.our_house_v_0.5\4.9.our_house_v_0.5_main.cpp(1120): warning C4996: 'sprintf': This function or variable may be unsafe. Consider using sprintf_s instead. To disable deprecation, use _CRT_SECURE_NO_WARNINGS. See online help for details.
  c:\program files (x86)\windows kits\10\include\10.0.15063.0\ucrt\stdio.h(1772): note: 'sprintf' 선언을 참조하십시오.
c:\users\r912\desktop\4.9.our_house_v_0.5\4.9.our_house_v_0.5\4.9.our_house_v_0.5\4.9.our_house_v_0.5_main.cpp(1165): warning C4244: '인수': 'GLfloat'에서 'GLint'(으)로 변환하면서 데이터가 손실될 수 있습니다.
c:\users\r912\desktop\4.9.our_house_v_0.5\4.9.our_house_v_0.5\4.9.our_house_v_0.5\4.9.our_house_v_0.5_main.cpp(1166): warning C4244: '인수': 'GLfloat'에서 'GLint'(으)로 변환하면서 데이터가 손실될 수 있습니다.
c:\users\r912\desktop\4.9.our_house_v_0.5\4.9.our_house_v_0.5\4.9.our_house_v_0.5\4.9.our_house_v_0.5_main.cpp(1171): warning C4244: '인수': 'GLfloat'에서 'GLint'(으)로 변환하면서 데이터가 손실될 수 있습니다.
  4.9.Our_House_V_0.5.vcxproj -> C:\Users\R912\Desktop\4.9.Our_House_V_0.5\4.9.Our_House_V_0.5\x64\Debug\4.9.Our_House_V_0.5.exe
  4.9.Our_House_V_0.5.vcxproj -> C:\Users\R912\Desktop\4.9.Our_House_V_0.5\4.9.Our_House_V_0.5\x64\Debug\4.9.Our_House_V_0.5.pdb (Partial PDB)
